<?xml version="1.0" encoding="UTF-8"?>
<!-- Generated by org.testng.reporters.JUnitXMLReporter -->
<testsuite ignored="8" hostname="Revathis-MacBook-Air.local" failures="0" tests="4" name="Smoke Test Cases" time="203.288" errors="0" timestamp="2025-03-21T11:35:22 MST">
  <testcase classname="com.demoqa.testcases.JoinNowPageTest" name="verifyJoinNowPageTitleTest" time="23.258"/>
  <testcase classname="com.demoqa.testcases.JoinNowPageTest" name="verifyJoinNowPageLogoTest" time="22.309"/>
  <testcase classname="com.demoqa.testcases.HomePageTest" name="verifyHomePageTitleTest" time="0.104"/>
  <testcase classname="com.demoqa.testcases.HomePageTest" name="verifyHomePageLogoTest" time="1.011"/>
  <testcase classname="com.demoqa.base.TestBase" name="@BeforeSuite listnerSetup" time="0.0">
    <ignored/>
  </testcase> <!-- @BeforeSuite listnerSetup -->
  <testcase classname="com.demoqa.testcases.HomePageTest" name="clickOnFormsTest" time="0.0">
    <ignored/>
  </testcase> <!-- clickOnFormsTest -->
  <testcase classname="com.demoqa.testcases.HomePageTest" name="clickOnElementsTest" time="0.0">
    <ignored/>
  </testcase> <!-- clickOnElementsTest -->
  <testcase classname="com.demoqa.testcases.HomePageTest" name="clickOnWidgetsTest" time="0.0">
    <ignored/>
  </testcase> <!-- clickOnWidgetsTest -->
  <testcase classname="com.demoqa.base.TestBase" name="@AfterSuite listenerShutDown" time="0.0">
    <ignored/>
  </testcase> <!-- @AfterSuite listenerShutDown -->
  <testcase classname="com.demoqa.testcases.HomePageTest" name="clickOnInteractionsTest" time="0.0">
    <ignored/>
  </testcase> <!-- clickOnInteractionsTest -->
  <testcase classname="com.demoqa.testcases.HomePageTest" name="clickOnBookStoreApplicationTest" time="0.0">
    <ignored/>
  </testcase> <!-- clickOnBookStoreApplicationTest -->
  <testcase classname="com.demoqa.testcases.HomePageTest" name="clickOnAlertsFramesWindowTest" time="0.0">
    <ignored/>
  </testcase> <!-- clickOnAlertsFramesWindowTest -->
</testsuite> <!-- Smoke Test Cases -->
