<?xml version="1.0" encoding="UTF-8"?>
<!-- Generated by org.testng.reporters.JUnitXMLReporter -->
<testsuite ignored="1" hostname="Revathis-MacBook-Air.local" failures="0" tests="1" name="Default test" time="74.965" errors="0" timestamp="2025-03-18T15:30:18 MST">
  <testcase classname="com.demoqa.testcases.CheckBoxTest" name="validateCheckBoxPageTest" time="0.383"/>
  <testcase classname="com.demoqa.testcases.CheckBoxTest" name="validateHomeCheckboxTest" time="0.0">
    <ignored/>
  </testcase> <!-- validateHomeCheckboxTest -->
</testsuite> <!-- Default test -->
