<?xml version="1.0" encoding="UTF-8"?>
<!-- Generated by org.testng.reporters.JUnitXMLReporter -->
<testsuite ignored="1" hostname="Revathis-MacBook-Air.local" failures="0" tests="1" name="Default test" time="50.589" errors="0" timestamp="2025-02-09T12:50:25 MST">
  <testcase classname="com.demoqa.testcases.JoinNowPageTest" name="verifyJoinNowPageTitleTest" time="1.563"/>
  <testcase classname="com.demoqa.testcases.JoinNowPageTest" name="verifyJoinNowPageLogoTest" time="0.0">
    <ignored/>
  </testcase> <!-- verifyJoinNowPageLogoTest -->
</testsuite> <!-- Default test -->
