<?xml version="1.0" encoding="UTF-8"?>
<testsuite xmlns:xsi="http://www.w3.org/2001/XMLSchema-instance" xsi:noNamespaceSchemaLocation="https://maven.apache.org/surefire/maven-surefire-plugin/xsd/surefire-test-report-3.0.xsd" version="3.0" name="TestSuite" time="239.316" tests="26" errors="0" skipped="0" failures="4">
  <properties>
[...]
</properties>
  <testcase name="validateTextBoxFeatureTest" classname="com.demoqa.testcases.TextBoxTest" time="0.039">
    <system-out><![CDATA[After Naigating to:https://demoqa.com/
After Clicking on the element: [[ChromeDriver: chrome on MAC (00f8f5a46203da98a322d9842448054f)] -> xpath: //div[@class='card-body'and contains(h5,'Elements')]]
After Clicking on the element: [[ChromeDriver: chrome on MAC (00f8f5a46203da98a322d9842448054f)] -> xpath: //li[@id='item-0']]
]]></system-out>
    <system-err><![CDATA[SLF4J(W): No SLF4J providers were found.
SLF4J(W): Defaulting to no-operation (NOP) logger implementation
SLF4J(W): See https://www.slf4j.org/codes.html#noProviders for further details.
ERROR StatusLogger Log4j2 could not find a logging implementation. Please add log4j-core to the classpath. Using SimpleLogger to log to the console...
Starting ChromeDriver 132.0.6834.110 (df453a35f099772fdb954e33551388add2ca3cde-refs/branch-heads/6834_101@{#3}) on port 13603
Only local connections are allowed.
Please see https://chromedriver.chromium.org/security-considerations for suggestions on keeping ChromeDriver safe.
ChromeDriver was started successfully on port 13603.
Jan 28, 2025 12:55:35 PM org.openqa.selenium.devtools.CdpVersionFinder findNearestMatch
WARNING: Unable to find CDP implementation matching 132
Jan 28, 2025 12:55:35 PM org.openqa.selenium.chromium.ChromiumDriver lambda$new$3
WARNING: Unable to find version of CDP to use for . You may need to include a dependency on a specific version of the CDP using something similar to `org.seleniumhq.selenium:selenium-devtools-v86:4.8.3` where the version ("v86") matches the version of the chromium-based browser you're using and the version number of the artifact is the same as Selenium's.
]]></system-err>
  </testcase>
  <testcase name="validateTextBoxFieldsWithInvalidData[XXX, XXXXXXXX, Null, Null](1)" classname="com.demoqa.testcases.TextBoxTest" time="2.473">
    <failure message="element click intercepted: Element &lt;button id=&quot;submit&quot; type=&quot;button&quot; class=&quot;btn btn-primary&quot;&gt;...&lt;/button&gt; is not clickable at point (1041, 668). Other element would receive the click: &lt;iframe id=&quot;google_ads_iframe_/21849154601,22343295815/Ad.Plus-300x250_0&quot; name=&quot;google_ads_iframe_/21849154601,22343295815/Ad.Plus-300x250_0&quot; title=&quot;3rd party ad content&quot; width=&quot;1005&quot; height=&quot;124&quot; scrolling=&quot;no&quot; marginwidth=&quot;0&quot; marginheight=&quot;0&quot; frameborder=&quot;0&quot; aria-label=&quot;Advertisement&quot; tabindex=&quot;0&quot; allow=&quot;private-state-token-redemption;attribution-reporting&quot; data-load-complete=&quot;true&quot; data-google-container-id=&quot;2&quot; style=&quot;border: 0px; vertical-align: bottom; max-height: 30vh !important; overflow: hidden !important; display: block; margin: 0px auto;&quot;&gt;&lt;/iframe&gt;&#10;  (Session info: chrome=132.0.6834.111)&#10;Build info: version: &apos;4.8.3&apos;, revision: &apos;e5e76298c3&apos;&#10;System info: os.name: &apos;Mac OS X&apos;, os.arch: &apos;aarch64&apos;, os.version: &apos;14.7.1&apos;, java.version: &apos;23.0.2&apos;&#10;Driver info: org.openqa.selenium.chrome.ChromeDriver&#10;Command: [56f056b43414a2bea8719e78b8e68173, clickElement {id=f.96CBB8208AF28894F0AD4DEFF0D7AC5B.d.D3256FE93B21B3B9D5069FC8AD097822.e.72}]&#10;Capabilities {acceptInsecureCerts: false, browserName: chrome, browserVersion: 132.0.6834.111, chrome: {chromedriverVersion: 132.0.6834.110 (df453a35f09..., userDataDir: /var/folders/sy/w4kkw0kx79l...}, fedcm:accounts: true, goog:chromeOptions: {debuggerAddress: localhost:61404}, networkConnectionEnabled: false, pageLoadStrategy: normal, platformName: MAC, proxy: Proxy(), se:cdp: ws://localhost:61404/devtoo..., se:cdpVersion: 132.0.6834.111, setWindowRect: true, strictFileInteractability: false, timeouts: {implicit: 0, pageLoad: 300000, script: 30000}, unhandledPromptBehavior: dismiss and notify, webauthn:extension:credBlob: true, webauthn:extension:largeBlob: true, webauthn:extension:minPinLength: true, webauthn:extension:prf: true, webauthn:virtualAuthenticators: true}&#10;Element: [[ChromeDriver: chrome on MAC (56f056b43414a2bea8719e78b8e68173)] -&gt; xpath: //button[@id=&apos;submit&apos;]]&#10;Session ID: 56f056b43414a2bea8719e78b8e68173" type="org.openqa.selenium.ElementClickInterceptedException"><![CDATA[org.openqa.selenium.ElementClickInterceptedException: 
element click intercepted: Element <button id="submit" type="button" class="btn btn-primary">...</button> is not clickable at point (1041, 668). Other element would receive the click: <iframe id="google_ads_iframe_/21849154601,22343295815/Ad.Plus-300x250_0" name="google_ads_iframe_/21849154601,22343295815/Ad.Plus-300x250_0" title="3rd party ad content" width="1005" height="124" scrolling="no" marginwidth="0" marginheight="0" frameborder="0" aria-label="Advertisement" tabindex="0" allow="private-state-token-redemption;attribution-reporting" data-load-complete="true" data-google-container-id="2" style="border: 0px; vertical-align: bottom; max-height: 30vh !important; overflow: hidden !important; display: block; margin: 0px auto;"></iframe>
  (Session info: chrome=132.0.6834.111)
Build info: version: '4.8.3', revision: 'e5e76298c3'
System info: os.name: 'Mac OS X', os.arch: 'aarch64', os.version: '14.7.1', java.version: '23.0.2'
Driver info: org.openqa.selenium.chrome.ChromeDriver
Command: [56f056b43414a2bea8719e78b8e68173, clickElement {id=f.96CBB8208AF28894F0AD4DEFF0D7AC5B.d.D3256FE93B21B3B9D5069FC8AD097822.e.72}]
Capabilities {acceptInsecureCerts: false, browserName: chrome, browserVersion: 132.0.6834.111, chrome: {chromedriverVersion: 132.0.6834.110 (df453a35f09..., userDataDir: /var/folders/sy/w4kkw0kx79l...}, fedcm:accounts: true, goog:chromeOptions: {debuggerAddress: localhost:61404}, networkConnectionEnabled: false, pageLoadStrategy: normal, platformName: MAC, proxy: Proxy(), se:cdp: ws://localhost:61404/devtoo..., se:cdpVersion: 132.0.6834.111, setWindowRect: true, strictFileInteractability: false, timeouts: {implicit: 0, pageLoad: 300000, script: 30000}, unhandledPromptBehavior: dismiss and notify, webauthn:extension:credBlob: true, webauthn:extension:largeBlob: true, webauthn:extension:minPinLength: true, webauthn:extension:prf: true, webauthn:virtualAuthenticators: true}
Element: [[ChromeDriver: chrome on MAC (56f056b43414a2bea8719e78b8e68173)] -> xpath: //button[@id='submit']]
Session ID: 56f056b43414a2bea8719e78b8e68173
	at java.base/jdk.internal.reflect.DirectConstructorHandleAccessor.newInstance(DirectConstructorHandleAccessor.java:62)
	at java.base/java.lang.reflect.Constructor.newInstanceWithCaller(Constructor.java:501)
	at java.base/java.lang.reflect.Constructor.newInstance(Constructor.java:485)
	at org.openqa.selenium.remote.codec.w3c.W3CHttpResponseCodec.createException(W3CHttpResponseCodec.java:200)
	at org.openqa.selenium.remote.codec.w3c.W3CHttpResponseCodec.decode(W3CHttpResponseCodec.java:133)
	at org.openqa.selenium.remote.codec.w3c.W3CHttpResponseCodec.decode(W3CHttpResponseCodec.java:53)
	at org.openqa.selenium.remote.HttpCommandExecutor.execute(HttpCommandExecutor.java:193)
	at org.openqa.selenium.remote.service.DriverCommandExecutor.invokeExecute(DriverCommandExecutor.java:183)
	at org.openqa.selenium.remote.service.DriverCommandExecutor.execute(DriverCommandExecutor.java:158)
	at org.openqa.selenium.remote.RemoteWebDriver.execute(RemoteWebDriver.java:543)
	at org.openqa.selenium.remote.RemoteWebElement.execute(RemoteWebElement.java:257)
	at org.openqa.selenium.remote.RemoteWebElement.click(RemoteWebElement.java:78)
	at java.base/jdk.internal.reflect.DirectMethodHandleAccessor.invoke(DirectMethodHandleAccessor.java:103)
	at java.base/java.lang.reflect.Method.invoke(Method.java:580)
	at org.openqa.selenium.support.decorators.WebDriverDecorator.call(WebDriverDecorator.java:247)
	at org.openqa.selenium.support.decorators.DefaultDecorated.call(DefaultDecorated.java:48)
	at org.openqa.selenium.support.decorators.WebDriverDecorator.lambda$createProxy$2(WebDriverDecorator.java:314)
	at net.bytebuddy.renamed.java.lang.Object$ByteBuddy$yp1bOaUV.click(Unknown Source)
	at java.base/jdk.internal.reflect.DirectMethodHandleAccessor.invoke(DirectMethodHandleAccessor.java:103)
	at java.base/java.lang.reflect.Method.invoke(Method.java:580)
	at org.openqa.selenium.support.pagefactory.internal.LocatingElementHandler.invoke(LocatingElementHandler.java:52)
	at jdk.proxy2/jdk.proxy2.$Proxy40.click(Unknown Source)
	at com.demoqa.pages.elements.TextBox.enteringText(TextBox.java:53)
	at com.demoqa.testcases.TextBoxTest.validateTextBoxFieldsWithInvalidData(TextBoxTest.java:68)
	at java.base/jdk.internal.reflect.DirectMethodHandleAccessor.invoke(DirectMethodHandleAccessor.java:103)
	at java.base/java.lang.reflect.Method.invoke(Method.java:580)
	at org.testng.internal.MethodInvocationHelper.invokeMethod(MethodInvocationHelper.java:133)
	at org.testng.internal.TestInvoker.invokeMethod(TestInvoker.java:598)
	at org.testng.internal.TestInvoker.invokeTestMethod(TestInvoker.java:173)
	at org.testng.internal.MethodRunner.runInSequence(MethodRunner.java:46)
	at org.testng.internal.TestInvoker$MethodInvocationAgent.invoke(TestInvoker.java:824)
	at org.testng.internal.TestInvoker.invokeTestMethods(TestInvoker.java:146)
	at org.testng.internal.TestMethodWorker.invokeTestMethods(TestMethodWorker.java:146)
	at org.testng.internal.TestMethodWorker.run(TestMethodWorker.java:128)
	at java.base/java.util.ArrayList.forEach(ArrayList.java:1597)
	at org.testng.TestRunner.privateRun(TestRunner.java:794)
	at org.testng.TestRunner.run(TestRunner.java:596)
	at org.testng.SuiteRunner.runTest(SuiteRunner.java:377)
	at org.testng.SuiteRunner.runSequentially(SuiteRunner.java:371)
	at org.testng.SuiteRunner.privateRun(SuiteRunner.java:332)
	at org.testng.SuiteRunner.run(SuiteRunner.java:276)
	at org.testng.SuiteRunnerWorker.runSuite(SuiteRunnerWorker.java:53)
	at org.testng.SuiteRunnerWorker.run(SuiteRunnerWorker.java:96)
	at org.testng.TestNG.runSuitesSequentially(TestNG.java:1212)
	at org.testng.TestNG.runSuitesLocally(TestNG.java:1134)
	at org.testng.TestNG.runSuites(TestNG.java:1063)
	at org.testng.TestNG.run(TestNG.java:1031)
	at org.apache.maven.surefire.testng.TestNGExecutor.run(TestNGExecutor.java:155)
	at org.apache.maven.surefire.testng.TestNGDirectoryTestSuite.executeMulti(TestNGDirectoryTestSuite.java:169)
	at org.apache.maven.surefire.testng.TestNGDirectoryTestSuite.execute(TestNGDirectoryTestSuite.java:88)
	at org.apache.maven.surefire.testng.TestNGProvider.invoke(TestNGProvider.java:137)
	at org.apache.maven.surefire.booter.ForkedBooter.runSuitesInProcess(ForkedBooter.java:385)
	at org.apache.maven.surefire.booter.ForkedBooter.execute(ForkedBooter.java:162)
	at org.apache.maven.surefire.booter.ForkedBooter.run(ForkedBooter.java:507)
	at org.apache.maven.surefire.booter.ForkedBooter.main(ForkedBooter.java:495)
]]></failure>
    <system-out><![CDATA[After Naigating to:https://demoqa.com/
After Clicking on the element: [[ChromeDriver: chrome on MAC (56f056b43414a2bea8719e78b8e68173)] -> xpath: //div[@class='card-body'and contains(h5,'Elements')]]
After Clicking on the element: [[ChromeDriver: chrome on MAC (56f056b43414a2bea8719e78b8e68173)] -> xpath: //li[@id='item-0']]
Exception occured: java.lang.reflect.InvocationTargetException
]]></system-out>
    <system-err><![CDATA[Starting ChromeDriver 132.0.6834.110 (df453a35f099772fdb954e33551388add2ca3cde-refs/branch-heads/6834_101@{#3}) on port 44963
Only local connections are allowed.
Please see https://chromedriver.chromium.org/security-considerations for suggestions on keeping ChromeDriver safe.
ChromeDriver was started successfully on port 44963.
Jan 28, 2025 12:55:48 PM org.openqa.selenium.devtools.CdpVersionFinder findNearestMatch
WARNING: Unable to find CDP implementation matching 132
Jan 28, 2025 12:55:48 PM org.openqa.selenium.chromium.ChromiumDriver lambda$new$3
WARNING: Unable to find version of CDP to use for . You may need to include a dependency on a specific version of the CDP using something similar to `org.seleniumhq.selenium:selenium-devtools-v86:4.8.3` where the version ("v86") matches the version of the chromium-based browser you're using and the version number of the artifact is the same as Selenium's.
]]></system-err>
  </testcase>
  <testcase name="validateTextBoxFieldsWithValidData[Name, xxx@gamil.com, 123 xxx Street, USA, 123 xxx Street, USA](1)" classname="com.demoqa.testcases.TextBoxTest" time="1.638">
    <failure message="element click intercepted: Element &lt;button id=&quot;submit&quot; type=&quot;button&quot; class=&quot;btn btn-primary&quot;&gt;...&lt;/button&gt; is not clickable at point (1041, 613). Other element would receive the click: &lt;iframe frameborder=&quot;0&quot; src=&quot;https://8aa798d069dc0749b9e77fc911964730.safeframe.googlesyndication.com/safeframe/1-0-40/html/container.html&quot; id=&quot;google_ads_iframe_/21849154601,22343295815/Ad.Plus-300x250_0&quot; title=&quot;3rd party ad content&quot; name=&quot;&quot; scrolling=&quot;no&quot; marginwidth=&quot;0&quot; marginheight=&quot;0&quot; width=&quot;1005&quot; height=&quot;90&quot; data-is-safeframe=&quot;true&quot; sandbox=&quot;allow-forms allow-popups allow-popups-to-escape-sandbox allow-same-origin allow-scripts allow-top-navigation-by-user-activation&quot; allow=&quot;private-state-token-redemption;attribution-reporting&quot; aria-label=&quot;Advertisement&quot; tabindex=&quot;0&quot; data-google-container-id=&quot;2&quot; style=&quot;border: 0px; vertical-align: bottom; max-height: 30vh !important; overflow: hidden !important; display: block; margin: 0px auto;&quot; data-load-complete=&quot;true&quot;&gt;&lt;/iframe&gt;&#10;  (Session info: chrome=132.0.6834.111)&#10;Build info: version: &apos;4.8.3&apos;, revision: &apos;e5e76298c3&apos;&#10;System info: os.name: &apos;Mac OS X&apos;, os.arch: &apos;aarch64&apos;, os.version: &apos;14.7.1&apos;, java.version: &apos;23.0.2&apos;&#10;Driver info: org.openqa.selenium.chrome.ChromeDriver&#10;Command: [0661ab05b83ed033051753c3c72de827, clickElement {id=f.C54AF3B97F0330C9BDC36076357EE7CA.d.D03222502BA97CF148615F0FF291EE7D.e.44}]&#10;Capabilities {acceptInsecureCerts: false, browserName: chrome, browserVersion: 132.0.6834.111, chrome: {chromedriverVersion: 132.0.6834.110 (df453a35f09..., userDataDir: /var/folders/sy/w4kkw0kx79l...}, fedcm:accounts: true, goog:chromeOptions: {debuggerAddress: localhost:61423}, networkConnectionEnabled: false, pageLoadStrategy: normal, platformName: MAC, proxy: Proxy(), se:cdp: ws://localhost:61423/devtoo..., se:cdpVersion: 132.0.6834.111, setWindowRect: true, strictFileInteractability: false, timeouts: {implicit: 0, pageLoad: 300000, script: 30000}, unhandledPromptBehavior: dismiss and notify, webauthn:extension:credBlob: true, webauthn:extension:largeBlob: true, webauthn:extension:minPinLength: true, webauthn:extension:prf: true, webauthn:virtualAuthenticators: true}&#10;Element: [[ChromeDriver: chrome on MAC (0661ab05b83ed033051753c3c72de827)] -&gt; xpath: //button[@id=&apos;submit&apos;]]&#10;Session ID: 0661ab05b83ed033051753c3c72de827" type="org.openqa.selenium.ElementClickInterceptedException"><![CDATA[org.openqa.selenium.ElementClickInterceptedException: 
element click intercepted: Element <button id="submit" type="button" class="btn btn-primary">...</button> is not clickable at point (1041, 613). Other element would receive the click: <iframe frameborder="0" src="https://8aa798d069dc0749b9e77fc911964730.safeframe.googlesyndication.com/safeframe/1-0-40/html/container.html" id="google_ads_iframe_/21849154601,22343295815/Ad.Plus-300x250_0" title="3rd party ad content" name="" scrolling="no" marginwidth="0" marginheight="0" width="1005" height="90" data-is-safeframe="true" sandbox="allow-forms allow-popups allow-popups-to-escape-sandbox allow-same-origin allow-scripts allow-top-navigation-by-user-activation" allow="private-state-token-redemption;attribution-reporting" aria-label="Advertisement" tabindex="0" data-google-container-id="2" style="border: 0px; vertical-align: bottom; max-height: 30vh !important; overflow: hidden !important; display: block; margin: 0px auto;" data-load-complete="true"></iframe>
  (Session info: chrome=132.0.6834.111)
Build info: version: '4.8.3', revision: 'e5e76298c3'
System info: os.name: 'Mac OS X', os.arch: 'aarch64', os.version: '14.7.1', java.version: '23.0.2'
Driver info: org.openqa.selenium.chrome.ChromeDriver
Command: [0661ab05b83ed033051753c3c72de827, clickElement {id=f.C54AF3B97F0330C9BDC36076357EE7CA.d.D03222502BA97CF148615F0FF291EE7D.e.44}]
Capabilities {acceptInsecureCerts: false, browserName: chrome, browserVersion: 132.0.6834.111, chrome: {chromedriverVersion: 132.0.6834.110 (df453a35f09..., userDataDir: /var/folders/sy/w4kkw0kx79l...}, fedcm:accounts: true, goog:chromeOptions: {debuggerAddress: localhost:61423}, networkConnectionEnabled: false, pageLoadStrategy: normal, platformName: MAC, proxy: Proxy(), se:cdp: ws://localhost:61423/devtoo..., se:cdpVersion: 132.0.6834.111, setWindowRect: true, strictFileInteractability: false, timeouts: {implicit: 0, pageLoad: 300000, script: 30000}, unhandledPromptBehavior: dismiss and notify, webauthn:extension:credBlob: true, webauthn:extension:largeBlob: true, webauthn:extension:minPinLength: true, webauthn:extension:prf: true, webauthn:virtualAuthenticators: true}
Element: [[ChromeDriver: chrome on MAC (0661ab05b83ed033051753c3c72de827)] -> xpath: //button[@id='submit']]
Session ID: 0661ab05b83ed033051753c3c72de827
	at java.base/jdk.internal.reflect.DirectConstructorHandleAccessor.newInstance(DirectConstructorHandleAccessor.java:62)
	at java.base/java.lang.reflect.Constructor.newInstanceWithCaller(Constructor.java:501)
	at java.base/java.lang.reflect.Constructor.newInstance(Constructor.java:485)
	at org.openqa.selenium.remote.codec.w3c.W3CHttpResponseCodec.createException(W3CHttpResponseCodec.java:200)
	at org.openqa.selenium.remote.codec.w3c.W3CHttpResponseCodec.decode(W3CHttpResponseCodec.java:133)
	at org.openqa.selenium.remote.codec.w3c.W3CHttpResponseCodec.decode(W3CHttpResponseCodec.java:53)
	at org.openqa.selenium.remote.HttpCommandExecutor.execute(HttpCommandExecutor.java:193)
	at org.openqa.selenium.remote.service.DriverCommandExecutor.invokeExecute(DriverCommandExecutor.java:183)
	at org.openqa.selenium.remote.service.DriverCommandExecutor.execute(DriverCommandExecutor.java:158)
	at org.openqa.selenium.remote.RemoteWebDriver.execute(RemoteWebDriver.java:543)
	at org.openqa.selenium.remote.RemoteWebElement.execute(RemoteWebElement.java:257)
	at org.openqa.selenium.remote.RemoteWebElement.click(RemoteWebElement.java:78)
	at java.base/jdk.internal.reflect.DirectMethodHandleAccessor.invoke(DirectMethodHandleAccessor.java:103)
	at java.base/java.lang.reflect.Method.invoke(Method.java:580)
	at org.openqa.selenium.support.decorators.WebDriverDecorator.call(WebDriverDecorator.java:247)
	at org.openqa.selenium.support.decorators.DefaultDecorated.call(DefaultDecorated.java:48)
	at org.openqa.selenium.support.decorators.WebDriverDecorator.lambda$createProxy$2(WebDriverDecorator.java:314)
	at net.bytebuddy.renamed.java.lang.Object$ByteBuddy$2Qi4FQg2.click(Unknown Source)
	at java.base/jdk.internal.reflect.DirectMethodHandleAccessor.invoke(DirectMethodHandleAccessor.java:103)
	at java.base/java.lang.reflect.Method.invoke(Method.java:580)
	at org.openqa.selenium.support.pagefactory.internal.LocatingElementHandler.invoke(LocatingElementHandler.java:52)
	at jdk.proxy2/jdk.proxy2.$Proxy40.click(Unknown Source)
	at com.demoqa.pages.elements.TextBox.enteringText(TextBox.java:53)
	at com.demoqa.testcases.TextBoxTest.validateTextBoxFieldsWithValidData(TextBoxTest.java:62)
	at java.base/jdk.internal.reflect.DirectMethodHandleAccessor.invoke(DirectMethodHandleAccessor.java:103)
	at java.base/java.lang.reflect.Method.invoke(Method.java:580)
	at org.testng.internal.MethodInvocationHelper.invokeMethod(MethodInvocationHelper.java:133)
	at org.testng.internal.TestInvoker.invokeMethod(TestInvoker.java:598)
	at org.testng.internal.TestInvoker.invokeTestMethod(TestInvoker.java:173)
	at org.testng.internal.MethodRunner.runInSequence(MethodRunner.java:46)
	at org.testng.internal.TestInvoker$MethodInvocationAgent.invoke(TestInvoker.java:824)
	at org.testng.internal.TestInvoker.invokeTestMethods(TestInvoker.java:146)
	at org.testng.internal.TestMethodWorker.invokeTestMethods(TestMethodWorker.java:146)
	at org.testng.internal.TestMethodWorker.run(TestMethodWorker.java:128)
	at java.base/java.util.ArrayList.forEach(ArrayList.java:1597)
	at org.testng.TestRunner.privateRun(TestRunner.java:794)
	at org.testng.TestRunner.run(TestRunner.java:596)
	at org.testng.SuiteRunner.runTest(SuiteRunner.java:377)
	at org.testng.SuiteRunner.runSequentially(SuiteRunner.java:371)
	at org.testng.SuiteRunner.privateRun(SuiteRunner.java:332)
	at org.testng.SuiteRunner.run(SuiteRunner.java:276)
	at org.testng.SuiteRunnerWorker.runSuite(SuiteRunnerWorker.java:53)
	at org.testng.SuiteRunnerWorker.run(SuiteRunnerWorker.java:96)
	at org.testng.TestNG.runSuitesSequentially(TestNG.java:1212)
	at org.testng.TestNG.runSuitesLocally(TestNG.java:1134)
	at org.testng.TestNG.runSuites(TestNG.java:1063)
	at org.testng.TestNG.run(TestNG.java:1031)
	at org.apache.maven.surefire.testng.TestNGExecutor.run(TestNGExecutor.java:155)
	at org.apache.maven.surefire.testng.TestNGDirectoryTestSuite.executeMulti(TestNGDirectoryTestSuite.java:169)
	at org.apache.maven.surefire.testng.TestNGDirectoryTestSuite.execute(TestNGDirectoryTestSuite.java:88)
	at org.apache.maven.surefire.testng.TestNGProvider.invoke(TestNGProvider.java:137)
	at org.apache.maven.surefire.booter.ForkedBooter.runSuitesInProcess(ForkedBooter.java:385)
	at org.apache.maven.surefire.booter.ForkedBooter.execute(ForkedBooter.java:162)
	at org.apache.maven.surefire.booter.ForkedBooter.run(ForkedBooter.java:507)
	at org.apache.maven.surefire.booter.ForkedBooter.main(ForkedBooter.java:495)
]]></failure>
    <system-out><![CDATA[After Naigating to:https://demoqa.com/
After Clicking on the element: [[ChromeDriver: chrome on MAC (0661ab05b83ed033051753c3c72de827)] -> xpath: //div[@class='card-body'and contains(h5,'Elements')]]
After Clicking on the element: [[ChromeDriver: chrome on MAC (0661ab05b83ed033051753c3c72de827)] -> xpath: //li[@id='item-0']]
Exception occured: java.lang.reflect.InvocationTargetException
]]></system-out>
    <system-err><![CDATA[Starting ChromeDriver 132.0.6834.110 (df453a35f099772fdb954e33551388add2ca3cde-refs/branch-heads/6834_101@{#3}) on port 3441
Only local connections are allowed.
Please see https://chromedriver.chromium.org/security-considerations for suggestions on keeping ChromeDriver safe.
ChromeDriver was started successfully on port 3441.
Jan 28, 2025 12:55:56 PM org.openqa.selenium.devtools.CdpVersionFinder findNearestMatch
WARNING: Unable to find CDP implementation matching 132
Jan 28, 2025 12:55:56 PM org.openqa.selenium.chromium.ChromiumDriver lambda$new$3
WARNING: Unable to find version of CDP to use for . You may need to include a dependency on a specific version of the CDP using something similar to `org.seleniumhq.selenium:selenium-devtools-v86:4.8.3` where the version ("v86") matches the version of the chromium-based browser you're using and the version number of the artifact is the same as Selenium's.
]]></system-err>
  </testcase>
  <testcase name="validateTextBoxFieldsWithValidData[XXX, YYYY@Yahoo.com, India, India](2)" classname="com.demoqa.testcases.TextBoxTest" time="1.835">
    <failure message="element click intercepted: Element &lt;button id=&quot;submit&quot; type=&quot;button&quot; class=&quot;btn btn-primary&quot;&gt;...&lt;/button&gt; is not clickable at point (1041, 666). Other element would receive the click: &lt;iframe id=&quot;google_ads_iframe_/21849154601,22343295815/Ad.Plus-300x250_0&quot; name=&quot;google_ads_iframe_/21849154601,22343295815/Ad.Plus-300x250_0&quot; title=&quot;3rd party ad content&quot; width=&quot;1005&quot; height=&quot;124&quot; scrolling=&quot;no&quot; marginwidth=&quot;0&quot; marginheight=&quot;0&quot; frameborder=&quot;0&quot; aria-label=&quot;Advertisement&quot; tabindex=&quot;0&quot; allow=&quot;private-state-token-redemption;attribution-reporting&quot; data-load-complete=&quot;true&quot; data-google-container-id=&quot;2&quot; style=&quot;border: 0px; vertical-align: bottom; max-height: 30vh !important; overflow: hidden !important; display: block; margin: 0px auto;&quot;&gt;&lt;/iframe&gt;&#10;  (Session info: chrome=132.0.6834.111)&#10;Build info: version: &apos;4.8.3&apos;, revision: &apos;e5e76298c3&apos;&#10;System info: os.name: &apos;Mac OS X&apos;, os.arch: &apos;aarch64&apos;, os.version: &apos;14.7.1&apos;, java.version: &apos;23.0.2&apos;&#10;Driver info: org.openqa.selenium.chrome.ChromeDriver&#10;Command: [f87af4471b92689b459d06b232719a53, clickElement {id=f.3C2604A4E5227EE274AE7F8F7F831408.d.661513475CF5618C1B31C0FBBF84F703.e.75}]&#10;Capabilities {acceptInsecureCerts: false, browserName: chrome, browserVersion: 132.0.6834.111, chrome: {chromedriverVersion: 132.0.6834.110 (df453a35f09..., userDataDir: /var/folders/sy/w4kkw0kx79l...}, fedcm:accounts: true, goog:chromeOptions: {debuggerAddress: localhost:61442}, networkConnectionEnabled: false, pageLoadStrategy: normal, platformName: MAC, proxy: Proxy(), se:cdp: ws://localhost:61442/devtoo..., se:cdpVersion: 132.0.6834.111, setWindowRect: true, strictFileInteractability: false, timeouts: {implicit: 0, pageLoad: 300000, script: 30000}, unhandledPromptBehavior: dismiss and notify, webauthn:extension:credBlob: true, webauthn:extension:largeBlob: true, webauthn:extension:minPinLength: true, webauthn:extension:prf: true, webauthn:virtualAuthenticators: true}&#10;Element: [[ChromeDriver: chrome on MAC (f87af4471b92689b459d06b232719a53)] -&gt; xpath: //button[@id=&apos;submit&apos;]]&#10;Session ID: f87af4471b92689b459d06b232719a53" type="org.openqa.selenium.ElementClickInterceptedException"><![CDATA[org.openqa.selenium.ElementClickInterceptedException: 
element click intercepted: Element <button id="submit" type="button" class="btn btn-primary">...</button> is not clickable at point (1041, 666). Other element would receive the click: <iframe id="google_ads_iframe_/21849154601,22343295815/Ad.Plus-300x250_0" name="google_ads_iframe_/21849154601,22343295815/Ad.Plus-300x250_0" title="3rd party ad content" width="1005" height="124" scrolling="no" marginwidth="0" marginheight="0" frameborder="0" aria-label="Advertisement" tabindex="0" allow="private-state-token-redemption;attribution-reporting" data-load-complete="true" data-google-container-id="2" style="border: 0px; vertical-align: bottom; max-height: 30vh !important; overflow: hidden !important; display: block; margin: 0px auto;"></iframe>
  (Session info: chrome=132.0.6834.111)
Build info: version: '4.8.3', revision: 'e5e76298c3'
System info: os.name: 'Mac OS X', os.arch: 'aarch64', os.version: '14.7.1', java.version: '23.0.2'
Driver info: org.openqa.selenium.chrome.ChromeDriver
Command: [f87af4471b92689b459d06b232719a53, clickElement {id=f.3C2604A4E5227EE274AE7F8F7F831408.d.661513475CF5618C1B31C0FBBF84F703.e.75}]
Capabilities {acceptInsecureCerts: false, browserName: chrome, browserVersion: 132.0.6834.111, chrome: {chromedriverVersion: 132.0.6834.110 (df453a35f09..., userDataDir: /var/folders/sy/w4kkw0kx79l...}, fedcm:accounts: true, goog:chromeOptions: {debuggerAddress: localhost:61442}, networkConnectionEnabled: false, pageLoadStrategy: normal, platformName: MAC, proxy: Proxy(), se:cdp: ws://localhost:61442/devtoo..., se:cdpVersion: 132.0.6834.111, setWindowRect: true, strictFileInteractability: false, timeouts: {implicit: 0, pageLoad: 300000, script: 30000}, unhandledPromptBehavior: dismiss and notify, webauthn:extension:credBlob: true, webauthn:extension:largeBlob: true, webauthn:extension:minPinLength: true, webauthn:extension:prf: true, webauthn:virtualAuthenticators: true}
Element: [[ChromeDriver: chrome on MAC (f87af4471b92689b459d06b232719a53)] -> xpath: //button[@id='submit']]
Session ID: f87af4471b92689b459d06b232719a53
	at java.base/jdk.internal.reflect.DirectConstructorHandleAccessor.newInstance(DirectConstructorHandleAccessor.java:62)
	at java.base/java.lang.reflect.Constructor.newInstanceWithCaller(Constructor.java:501)
	at java.base/java.lang.reflect.Constructor.newInstance(Constructor.java:485)
	at org.openqa.selenium.remote.codec.w3c.W3CHttpResponseCodec.createException(W3CHttpResponseCodec.java:200)
	at org.openqa.selenium.remote.codec.w3c.W3CHttpResponseCodec.decode(W3CHttpResponseCodec.java:133)
	at org.openqa.selenium.remote.codec.w3c.W3CHttpResponseCodec.decode(W3CHttpResponseCodec.java:53)
	at org.openqa.selenium.remote.HttpCommandExecutor.execute(HttpCommandExecutor.java:193)
	at org.openqa.selenium.remote.service.DriverCommandExecutor.invokeExecute(DriverCommandExecutor.java:183)
	at org.openqa.selenium.remote.service.DriverCommandExecutor.execute(DriverCommandExecutor.java:158)
	at org.openqa.selenium.remote.RemoteWebDriver.execute(RemoteWebDriver.java:543)
	at org.openqa.selenium.remote.RemoteWebElement.execute(RemoteWebElement.java:257)
	at org.openqa.selenium.remote.RemoteWebElement.click(RemoteWebElement.java:78)
	at java.base/jdk.internal.reflect.DirectMethodHandleAccessor.invoke(DirectMethodHandleAccessor.java:103)
	at java.base/java.lang.reflect.Method.invoke(Method.java:580)
	at org.openqa.selenium.support.decorators.WebDriverDecorator.call(WebDriverDecorator.java:247)
	at org.openqa.selenium.support.decorators.DefaultDecorated.call(DefaultDecorated.java:48)
	at org.openqa.selenium.support.decorators.WebDriverDecorator.lambda$createProxy$2(WebDriverDecorator.java:314)
	at net.bytebuddy.renamed.java.lang.Object$ByteBuddy$KpIQCm6C.click(Unknown Source)
	at java.base/jdk.internal.reflect.DirectMethodHandleAccessor.invoke(DirectMethodHandleAccessor.java:103)
	at java.base/java.lang.reflect.Method.invoke(Method.java:580)
	at org.openqa.selenium.support.pagefactory.internal.LocatingElementHandler.invoke(LocatingElementHandler.java:52)
	at jdk.proxy2/jdk.proxy2.$Proxy40.click(Unknown Source)
	at com.demoqa.pages.elements.TextBox.enteringText(TextBox.java:53)
	at com.demoqa.testcases.TextBoxTest.validateTextBoxFieldsWithValidData(TextBoxTest.java:62)
	at java.base/jdk.internal.reflect.DirectMethodHandleAccessor.invoke(DirectMethodHandleAccessor.java:103)
	at java.base/java.lang.reflect.Method.invoke(Method.java:580)
	at org.testng.internal.MethodInvocationHelper.invokeMethod(MethodInvocationHelper.java:133)
	at org.testng.internal.TestInvoker.invokeMethod(TestInvoker.java:598)
	at org.testng.internal.TestInvoker.invokeTestMethod(TestInvoker.java:173)
	at org.testng.internal.MethodRunner.runInSequence(MethodRunner.java:46)
	at org.testng.internal.TestInvoker$MethodInvocationAgent.invoke(TestInvoker.java:824)
	at org.testng.internal.TestInvoker.invokeTestMethods(TestInvoker.java:146)
	at org.testng.internal.TestMethodWorker.invokeTestMethods(TestMethodWorker.java:146)
	at org.testng.internal.TestMethodWorker.run(TestMethodWorker.java:128)
	at java.base/java.util.ArrayList.forEach(ArrayList.java:1597)
	at org.testng.TestRunner.privateRun(TestRunner.java:794)
	at org.testng.TestRunner.run(TestRunner.java:596)
	at org.testng.SuiteRunner.runTest(SuiteRunner.java:377)
	at org.testng.SuiteRunner.runSequentially(SuiteRunner.java:371)
	at org.testng.SuiteRunner.privateRun(SuiteRunner.java:332)
	at org.testng.SuiteRunner.run(SuiteRunner.java:276)
	at org.testng.SuiteRunnerWorker.runSuite(SuiteRunnerWorker.java:53)
	at org.testng.SuiteRunnerWorker.run(SuiteRunnerWorker.java:96)
	at org.testng.TestNG.runSuitesSequentially(TestNG.java:1212)
	at org.testng.TestNG.runSuitesLocally(TestNG.java:1134)
	at org.testng.TestNG.runSuites(TestNG.java:1063)
	at org.testng.TestNG.run(TestNG.java:1031)
	at org.apache.maven.surefire.testng.TestNGExecutor.run(TestNGExecutor.java:155)
	at org.apache.maven.surefire.testng.TestNGDirectoryTestSuite.executeMulti(TestNGDirectoryTestSuite.java:169)
	at org.apache.maven.surefire.testng.TestNGDirectoryTestSuite.execute(TestNGDirectoryTestSuite.java:88)
	at org.apache.maven.surefire.testng.TestNGProvider.invoke(TestNGProvider.java:137)
	at org.apache.maven.surefire.booter.ForkedBooter.runSuitesInProcess(ForkedBooter.java:385)
	at org.apache.maven.surefire.booter.ForkedBooter.execute(ForkedBooter.java:162)
	at org.apache.maven.surefire.booter.ForkedBooter.run(ForkedBooter.java:507)
	at org.apache.maven.surefire.booter.ForkedBooter.main(ForkedBooter.java:495)
]]></failure>
    <system-out><![CDATA[After Naigating to:https://demoqa.com/
After Clicking on the element: [[ChromeDriver: chrome on MAC (f87af4471b92689b459d06b232719a53)] -> xpath: //div[@class='card-body'and contains(h5,'Elements')]]
After Clicking on the element: [[ChromeDriver: chrome on MAC (f87af4471b92689b459d06b232719a53)] -> xpath: //li[@id='item-0']]
Exception occured: java.lang.reflect.InvocationTargetException
]]></system-out>
    <system-err><![CDATA[Starting ChromeDriver 132.0.6834.110 (df453a35f099772fdb954e33551388add2ca3cde-refs/branch-heads/6834_101@{#3}) on port 27192
Only local connections are allowed.
Please see https://chromedriver.chromium.org/security-considerations for suggestions on keeping ChromeDriver safe.
ChromeDriver was started successfully on port 27192.
Jan 28, 2025 12:56:18 PM org.openqa.selenium.devtools.CdpVersionFinder findNearestMatch
WARNING: Unable to find CDP implementation matching 132
Jan 28, 2025 12:56:18 PM org.openqa.selenium.chromium.ChromiumDriver lambda$new$3
WARNING: Unable to find version of CDP to use for . You may need to include a dependency on a specific version of the CDP using something similar to `org.seleniumhq.selenium:selenium-devtools-v86:4.8.3` where the version ("v86") matches the version of the chromium-based browser you're using and the version number of the artifact is the same as Selenium's.
]]></system-err>
  </testcase>
  <testcase name="validateTextBoxPageTest" classname="com.demoqa.testcases.TextBoxTest" time="0.028">
    <system-out><![CDATA[After Naigating to:https://demoqa.com/
After Clicking on the element: [[ChromeDriver: chrome on MAC (4b90c68b3e0bc12eaf4d8dd8b8b1ec78)] -> xpath: //div[@class='card-body'and contains(h5,'Elements')]]
After Clicking on the element: [[ChromeDriver: chrome on MAC (4b90c68b3e0bc12eaf4d8dd8b8b1ec78)] -> xpath: //li[@id='item-0']]
]]></system-out>
    <system-err><![CDATA[Starting ChromeDriver 132.0.6834.110 (df453a35f099772fdb954e33551388add2ca3cde-refs/branch-heads/6834_101@{#3}) on port 7625
Only local connections are allowed.
Please see https://chromedriver.chromium.org/security-considerations for suggestions on keeping ChromeDriver safe.
ChromeDriver was started successfully on port 7625.
Jan 28, 2025 12:56:25 PM org.openqa.selenium.devtools.CdpVersionFinder findNearestMatch
WARNING: Unable to find CDP implementation matching 132
Jan 28, 2025 12:56:25 PM org.openqa.selenium.chromium.ChromiumDriver lambda$new$3
WARNING: Unable to find version of CDP to use for . You may need to include a dependency on a specific version of the CDP using something similar to `org.seleniumhq.selenium:selenium-devtools-v86:4.8.3` where the version ("v86") matches the version of the chromium-based browser you're using and the version number of the artifact is the same as Selenium's.
]]></system-err>
  </testcase>
  <testcase name="validatingOutputTextField" classname="com.demoqa.testcases.TextBoxTest" time="0.034">
    <system-out><![CDATA[After Naigating to:https://demoqa.com/
After Clicking on the element: [[ChromeDriver: chrome on MAC (8b01ca57fa25a741aa68a9686914eddc)] -> xpath: //div[@class='card-body'and contains(h5,'Elements')]]
After Clicking on the element: [[ChromeDriver: chrome on MAC (8b01ca57fa25a741aa68a9686914eddc)] -> xpath: //li[@id='item-0']]
]]></system-out>
    <system-err><![CDATA[Starting ChromeDriver 132.0.6834.110 (df453a35f099772fdb954e33551388add2ca3cde-refs/branch-heads/6834_101@{#3}) on port 15828
Only local connections are allowed.
Please see https://chromedriver.chromium.org/security-considerations for suggestions on keeping ChromeDriver safe.
ChromeDriver was started successfully on port 15828.
Jan 28, 2025 12:56:32 PM org.openqa.selenium.devtools.CdpVersionFinder findNearestMatch
WARNING: Unable to find CDP implementation matching 132
Jan 28, 2025 12:56:32 PM org.openqa.selenium.chromium.ChromiumDriver lambda$new$3
WARNING: Unable to find version of CDP to use for . You may need to include a dependency on a specific version of the CDP using something similar to `org.seleniumhq.selenium:selenium-devtools-v86:4.8.3` where the version ("v86") matches the version of the chromium-based browser you're using and the version number of the artifact is the same as Selenium's.
]]></system-err>
  </testcase>
  <testcase name="verifyJoinNowPageTitleTest" classname="com.demoqa.testcases.JoinNowPageTest" time="1.038">
    <failure message="JoinNowPage Title not matched expected [Tools QA - Selenium Training] but found []" type="java.lang.AssertionError"><![CDATA[java.lang.AssertionError: JoinNowPage Title not matched expected [Tools QA - Selenium Training] but found []
	at org.testng.Assert.fail(Assert.java:99)
	at org.testng.Assert.failNotEquals(Assert.java:1037)
	at org.testng.Assert.assertEqualsImpl(Assert.java:140)
	at org.testng.Assert.assertEquals(Assert.java:122)
	at org.testng.Assert.assertEquals(Assert.java:629)
	at com.demoqa.testcases.JoinNowPageTest.verifyJoinNowPageTitleTest(JoinNowPageTest.java:36)
	at java.base/jdk.internal.reflect.DirectMethodHandleAccessor.invoke(DirectMethodHandleAccessor.java:103)
	at java.base/java.lang.reflect.Method.invoke(Method.java:580)
	at org.testng.internal.MethodInvocationHelper.invokeMethod(MethodInvocationHelper.java:133)
	at org.testng.internal.TestInvoker.invokeMethod(TestInvoker.java:598)
	at org.testng.internal.TestInvoker.invokeTestMethod(TestInvoker.java:173)
	at org.testng.internal.MethodRunner.runInSequence(MethodRunner.java:46)
	at org.testng.internal.TestInvoker$MethodInvocationAgent.invoke(TestInvoker.java:824)
	at org.testng.internal.TestInvoker.invokeTestMethods(TestInvoker.java:146)
	at org.testng.internal.TestMethodWorker.invokeTestMethods(TestMethodWorker.java:146)
	at org.testng.internal.TestMethodWorker.run(TestMethodWorker.java:128)
	at java.base/java.util.ArrayList.forEach(ArrayList.java:1597)
	at org.testng.TestRunner.privateRun(TestRunner.java:794)
	at org.testng.TestRunner.run(TestRunner.java:596)
	at org.testng.SuiteRunner.runTest(SuiteRunner.java:377)
	at org.testng.SuiteRunner.runSequentially(SuiteRunner.java:371)
	at org.testng.SuiteRunner.privateRun(SuiteRunner.java:332)
	at org.testng.SuiteRunner.run(SuiteRunner.java:276)
	at org.testng.SuiteRunnerWorker.runSuite(SuiteRunnerWorker.java:53)
	at org.testng.SuiteRunnerWorker.run(SuiteRunnerWorker.java:96)
	at org.testng.TestNG.runSuitesSequentially(TestNG.java:1212)
	at org.testng.TestNG.runSuitesLocally(TestNG.java:1134)
	at org.testng.TestNG.runSuites(TestNG.java:1063)
	at org.testng.TestNG.run(TestNG.java:1031)
	at org.apache.maven.surefire.testng.TestNGExecutor.run(TestNGExecutor.java:155)
	at org.apache.maven.surefire.testng.TestNGDirectoryTestSuite.executeMulti(TestNGDirectoryTestSuite.java:169)
	at org.apache.maven.surefire.testng.TestNGDirectoryTestSuite.execute(TestNGDirectoryTestSuite.java:88)
	at org.apache.maven.surefire.testng.TestNGProvider.invoke(TestNGProvider.java:137)
	at org.apache.maven.surefire.booter.ForkedBooter.runSuitesInProcess(ForkedBooter.java:385)
	at org.apache.maven.surefire.booter.ForkedBooter.execute(ForkedBooter.java:162)
	at org.apache.maven.surefire.booter.ForkedBooter.run(ForkedBooter.java:507)
	at org.apache.maven.surefire.booter.ForkedBooter.main(ForkedBooter.java:495)
]]></failure>
    <system-out><![CDATA[After Naigating to:https://demoqa.com/
After Clicking on the element: [[ChromeDriver: chrome on MAC (d35728e5374da5f8e1c1bad5b121d3c4)] -> xpath: //*[@id="app"]/div/div/div[1]/a]
]]></system-out>
    <system-err><![CDATA[Starting ChromeDriver 132.0.6834.110 (df453a35f099772fdb954e33551388add2ca3cde-refs/branch-heads/6834_101@{#3}) on port 21090
Only local connections are allowed.
Please see https://chromedriver.chromium.org/security-considerations for suggestions on keeping ChromeDriver safe.
ChromeDriver was started successfully on port 21090.
Jan 28, 2025 12:56:39 PM org.openqa.selenium.devtools.CdpVersionFinder findNearestMatch
WARNING: Unable to find CDP implementation matching 132
Jan 28, 2025 12:56:39 PM org.openqa.selenium.chromium.ChromiumDriver lambda$new$3
WARNING: Unable to find version of CDP to use for . You may need to include a dependency on a specific version of the CDP using something similar to `org.seleniumhq.selenium:selenium-devtools-v86:4.8.3` where the version ("v86") matches the version of the chromium-based browser you're using and the version number of the artifact is the same as Selenium's.
]]></system-err>
  </testcase>
  <testcase name="verifyJoinNowPageLogoTest" classname="com.demoqa.testcases.JoinNowPageTest" time="1.357">
    <system-out><![CDATA[After Naigating to:https://demoqa.com/
After Clicking on the element: [[ChromeDriver: chrome on MAC (032aa9c8b70380e40d7473106a01b303)] -> xpath: //*[@id="app"]/div/div/div[1]/a]
]]></system-out>
    <system-err><![CDATA[Starting ChromeDriver 132.0.6834.110 (df453a35f099772fdb954e33551388add2ca3cde-refs/branch-heads/6834_101@{#3}) on port 12676
Only local connections are allowed.
Please see https://chromedriver.chromium.org/security-considerations for suggestions on keeping ChromeDriver safe.
ChromeDriver was started successfully on port 12676.
Jan 28, 2025 12:56:47 PM org.openqa.selenium.devtools.CdpVersionFinder findNearestMatch
WARNING: Unable to find CDP implementation matching 132
Jan 28, 2025 12:56:47 PM org.openqa.selenium.chromium.ChromiumDriver lambda$new$3
WARNING: Unable to find version of CDP to use for . You may need to include a dependency on a specific version of the CDP using something similar to `org.seleniumhq.selenium:selenium-devtools-v86:4.8.3` where the version ("v86") matches the version of the chromium-based browser you're using and the version number of the artifact is the same as Selenium's.
]]></system-err>
  </testcase>
  <testcase name="clickOnBrokenLinksAndImagesTest" classname="com.demoqa.testcases.ElementsPageTest" time="0.05">
    <system-out><![CDATA[After Naigating to:https://demoqa.com/
After Clicking on the element: [[ChromeDriver: chrome on MAC (42b4612b88e7523948541909825b5699)] -> xpath: //div[@class='card-body'and contains(h5,'Elements')]]
DEMOQA
After Clicking on the element: [[ChromeDriver: chrome on MAC (42b4612b88e7523948541909825b5699)] -> xpath: //li[@id='item-6']]
]]></system-out>
    <system-err><![CDATA[Starting ChromeDriver 132.0.6834.110 (df453a35f099772fdb954e33551388add2ca3cde-refs/branch-heads/6834_101@{#3}) on port 18842
Only local connections are allowed.
Please see https://chromedriver.chromium.org/security-considerations for suggestions on keeping ChromeDriver safe.
ChromeDriver was started successfully on port 18842.
Jan 28, 2025 12:56:58 PM org.openqa.selenium.devtools.CdpVersionFinder findNearestMatch
WARNING: Unable to find CDP implementation matching 132
Jan 28, 2025 12:56:58 PM org.openqa.selenium.chromium.ChromiumDriver lambda$new$3
WARNING: Unable to find version of CDP to use for . You may need to include a dependency on a specific version of the CDP using something similar to `org.seleniumhq.selenium:selenium-devtools-v86:4.8.3` where the version ("v86") matches the version of the chromium-based browser you're using and the version number of the artifact is the same as Selenium's.
]]></system-err>
  </testcase>
  <testcase name="clickOnButtonsTest" classname="com.demoqa.testcases.ElementsPageTest" time="0.045">
    <system-out><![CDATA[After Naigating to:https://demoqa.com/
After Clicking on the element: [[ChromeDriver: chrome on MAC (b7f25c96a60125be40d52208244e66f3)] -> xpath: //div[@class='card-body'and contains(h5,'Elements')]]
After Clicking on the element: [[ChromeDriver: chrome on MAC (b7f25c96a60125be40d52208244e66f3)] -> xpath: //li[@id='item-4']]
]]></system-out>
    <system-err><![CDATA[Starting ChromeDriver 132.0.6834.110 (df453a35f099772fdb954e33551388add2ca3cde-refs/branch-heads/6834_101@{#3}) on port 42277
Only local connections are allowed.
Please see https://chromedriver.chromium.org/security-considerations for suggestions on keeping ChromeDriver safe.
ChromeDriver was started successfully on port 42277.
Jan 28, 2025 12:57:05 PM org.openqa.selenium.devtools.CdpVersionFinder findNearestMatch
WARNING: Unable to find CDP implementation matching 132
Jan 28, 2025 12:57:05 PM org.openqa.selenium.chromium.ChromiumDriver lambda$new$3
WARNING: Unable to find version of CDP to use for . You may need to include a dependency on a specific version of the CDP using something similar to `org.seleniumhq.selenium:selenium-devtools-v86:4.8.3` where the version ("v86") matches the version of the chromium-based browser you're using and the version number of the artifact is the same as Selenium's.
]]></system-err>
  </testcase>
  <testcase name="clickOnCheckBoxTest" classname="com.demoqa.testcases.ElementsPageTest" time="0.04">
    <system-out><![CDATA[After Naigating to:https://demoqa.com/
After Clicking on the element: [[ChromeDriver: chrome on MAC (498bec6886226ed0dc0b6c33047bb68d)] -> xpath: //div[@class='card-body'and contains(h5,'Elements')]]
After Clicking on the element: [[ChromeDriver: chrome on MAC (498bec6886226ed0dc0b6c33047bb68d)] -> xpath: //li[@id='item-1']]
]]></system-out>
    <system-err><![CDATA[Starting ChromeDriver 132.0.6834.110 (df453a35f099772fdb954e33551388add2ca3cde-refs/branch-heads/6834_101@{#3}) on port 8767
Only local connections are allowed.
Please see https://chromedriver.chromium.org/security-considerations for suggestions on keeping ChromeDriver safe.
ChromeDriver was started successfully on port 8767.
Jan 28, 2025 12:57:12 PM org.openqa.selenium.devtools.CdpVersionFinder findNearestMatch
WARNING: Unable to find CDP implementation matching 132
Jan 28, 2025 12:57:12 PM org.openqa.selenium.chromium.ChromiumDriver lambda$new$3
WARNING: Unable to find version of CDP to use for . You may need to include a dependency on a specific version of the CDP using something similar to `org.seleniumhq.selenium:selenium-devtools-v86:4.8.3` where the version ("v86") matches the version of the chromium-based browser you're using and the version number of the artifact is the same as Selenium's.
]]></system-err>
  </testcase>
  <testcase name="clickOnDynamicPropertiesTest" classname="com.demoqa.testcases.ElementsPageTest" time="0.06">
    <system-out><![CDATA[After Naigating to:https://demoqa.com/
After Clicking on the element: [[ChromeDriver: chrome on MAC (00cfe39aaae0af82e80d1d85fc6aa6c1)] -> xpath: //div[@class='card-body'and contains(h5,'Elements')]]
After Clicking on the element: [[ChromeDriver: chrome on MAC (00cfe39aaae0af82e80d1d85fc6aa6c1)] -> xpath: //li[@id='item-8']]
]]></system-out>
    <system-err><![CDATA[Starting ChromeDriver 132.0.6834.110 (df453a35f099772fdb954e33551388add2ca3cde-refs/branch-heads/6834_101@{#3}) on port 14901
Only local connections are allowed.
Please see https://chromedriver.chromium.org/security-considerations for suggestions on keeping ChromeDriver safe.
ChromeDriver was started successfully on port 14901.
Jan 28, 2025 12:57:19 PM org.openqa.selenium.devtools.CdpVersionFinder findNearestMatch
WARNING: Unable to find CDP implementation matching 132
Jan 28, 2025 12:57:19 PM org.openqa.selenium.chromium.ChromiumDriver lambda$new$3
WARNING: Unable to find version of CDP to use for . You may need to include a dependency on a specific version of the CDP using something similar to `org.seleniumhq.selenium:selenium-devtools-v86:4.8.3` where the version ("v86") matches the version of the chromium-based browser you're using and the version number of the artifact is the same as Selenium's.
]]></system-err>
  </testcase>
  <testcase name="clickOnLinksTest" classname="com.demoqa.testcases.ElementsPageTest" time="0.056">
    <system-out><![CDATA[After Naigating to:https://demoqa.com/
After Clicking on the element: [[ChromeDriver: chrome on MAC (1ebce5b7af346fc727562ee779e75d44)] -> xpath: //div[@class='card-body'and contains(h5,'Elements')]]
After Clicking on the element: [[ChromeDriver: chrome on MAC (1ebce5b7af346fc727562ee779e75d44)] -> xpath: //li[@id='item-5']]
]]></system-out>
    <system-err><![CDATA[Starting ChromeDriver 132.0.6834.110 (df453a35f099772fdb954e33551388add2ca3cde-refs/branch-heads/6834_101@{#3}) on port 33809
Only local connections are allowed.
Please see https://chromedriver.chromium.org/security-considerations for suggestions on keeping ChromeDriver safe.
ChromeDriver was started successfully on port 33809.
Jan 28, 2025 12:57:27 PM org.openqa.selenium.devtools.CdpVersionFinder findNearestMatch
WARNING: Unable to find CDP implementation matching 132
Jan 28, 2025 12:57:27 PM org.openqa.selenium.chromium.ChromiumDriver lambda$new$3
WARNING: Unable to find version of CDP to use for . You may need to include a dependency on a specific version of the CDP using something similar to `org.seleniumhq.selenium:selenium-devtools-v86:4.8.3` where the version ("v86") matches the version of the chromium-based browser you're using and the version number of the artifact is the same as Selenium's.
]]></system-err>
  </testcase>
  <testcase name="clickOnRadioButtonTest" classname="com.demoqa.testcases.ElementsPageTest" time="0.037">
    <system-out><![CDATA[After Naigating to:https://demoqa.com/
After Clicking on the element: [[ChromeDriver: chrome on MAC (e62e8a17fd9ab12a841b8d94c4f7aa9c)] -> xpath: //div[@class='card-body'and contains(h5,'Elements')]]
After Clicking on the element: [[ChromeDriver: chrome on MAC (e62e8a17fd9ab12a841b8d94c4f7aa9c)] -> xpath: //li[@id='item-2']]
]]></system-out>
    <system-err><![CDATA[Starting ChromeDriver 132.0.6834.110 (df453a35f099772fdb954e33551388add2ca3cde-refs/branch-heads/6834_101@{#3}) on port 37584
Only local connections are allowed.
Please see https://chromedriver.chromium.org/security-considerations for suggestions on keeping ChromeDriver safe.
ChromeDriver was started successfully on port 37584.
Jan 28, 2025 12:57:34 PM org.openqa.selenium.devtools.CdpVersionFinder findNearestMatch
WARNING: Unable to find CDP implementation matching 132
Jan 28, 2025 12:57:34 PM org.openqa.selenium.chromium.ChromiumDriver lambda$new$3
WARNING: Unable to find version of CDP to use for . You may need to include a dependency on a specific version of the CDP using something similar to `org.seleniumhq.selenium:selenium-devtools-v86:4.8.3` where the version ("v86") matches the version of the chromium-based browser you're using and the version number of the artifact is the same as Selenium's.
]]></system-err>
  </testcase>
  <testcase name="clickOnTextBoxTest" classname="com.demoqa.testcases.ElementsPageTest" time="0.044">
    <system-out><![CDATA[After Naigating to:https://demoqa.com/
After Clicking on the element: [[ChromeDriver: chrome on MAC (3bd1b09dac71831665ded9fc304d1eaa)] -> xpath: //div[@class='card-body'and contains(h5,'Elements')]]
After Clicking on the element: [[ChromeDriver: chrome on MAC (3bd1b09dac71831665ded9fc304d1eaa)] -> xpath: //li[@id='item-0']]
]]></system-out>
    <system-err><![CDATA[Starting ChromeDriver 132.0.6834.110 (df453a35f099772fdb954e33551388add2ca3cde-refs/branch-heads/6834_101@{#3}) on port 46807
Only local connections are allowed.
Please see https://chromedriver.chromium.org/security-considerations for suggestions on keeping ChromeDriver safe.
ChromeDriver was started successfully on port 46807.
Jan 28, 2025 12:57:40 PM org.openqa.selenium.devtools.CdpVersionFinder findNearestMatch
WARNING: Unable to find CDP implementation matching 132
Jan 28, 2025 12:57:40 PM org.openqa.selenium.chromium.ChromiumDriver lambda$new$3
WARNING: Unable to find version of CDP to use for . You may need to include a dependency on a specific version of the CDP using something similar to `org.seleniumhq.selenium:selenium-devtools-v86:4.8.3` where the version ("v86") matches the version of the chromium-based browser you're using and the version number of the artifact is the same as Selenium's.
]]></system-err>
  </testcase>
  <testcase name="clickOnUploadAndDownloadTest" classname="com.demoqa.testcases.ElementsPageTest" time="0.055">
    <system-out><![CDATA[After Naigating to:https://demoqa.com/
After Clicking on the element: [[ChromeDriver: chrome on MAC (daf620fade08681da8916a0320839db2)] -> xpath: //div[@class='card-body'and contains(h5,'Elements')]]
After Clicking on the element: [[ChromeDriver: chrome on MAC (daf620fade08681da8916a0320839db2)] -> xpath: //li[@id='item-7']]
]]></system-out>
    <system-err><![CDATA[Starting ChromeDriver 132.0.6834.110 (df453a35f099772fdb954e33551388add2ca3cde-refs/branch-heads/6834_101@{#3}) on port 19737
Only local connections are allowed.
Please see https://chromedriver.chromium.org/security-considerations for suggestions on keeping ChromeDriver safe.
ChromeDriver was started successfully on port 19737.
Jan 28, 2025 12:57:50 PM org.openqa.selenium.devtools.CdpVersionFinder findNearestMatch
WARNING: Unable to find CDP implementation matching 132
Jan 28, 2025 12:57:50 PM org.openqa.selenium.chromium.ChromiumDriver lambda$new$3
WARNING: Unable to find version of CDP to use for . You may need to include a dependency on a specific version of the CDP using something similar to `org.seleniumhq.selenium:selenium-devtools-v86:4.8.3` where the version ("v86") matches the version of the chromium-based browser you're using and the version number of the artifact is the same as Selenium's.
]]></system-err>
  </testcase>
  <testcase name="clickOnWebTablesTest" classname="com.demoqa.testcases.ElementsPageTest" time="0.044">
    <system-out><![CDATA[After Naigating to:https://demoqa.com/
After Clicking on the element: [[ChromeDriver: chrome on MAC (e4f3e482d76c0bb7f0d23526ca599bfb)] -> xpath: //div[@class='card-body'and contains(h5,'Elements')]]
After Clicking on the element: [[ChromeDriver: chrome on MAC (e4f3e482d76c0bb7f0d23526ca599bfb)] -> xpath: //li[@id='item-3']]
]]></system-out>
    <system-err><![CDATA[Starting ChromeDriver 132.0.6834.110 (df453a35f099772fdb954e33551388add2ca3cde-refs/branch-heads/6834_101@{#3}) on port 25104
Only local connections are allowed.
Please see https://chromedriver.chromium.org/security-considerations for suggestions on keeping ChromeDriver safe.
ChromeDriver was started successfully on port 25104.
Jan 28, 2025 12:57:57 PM org.openqa.selenium.devtools.CdpVersionFinder findNearestMatch
WARNING: Unable to find CDP implementation matching 132
Jan 28, 2025 12:57:57 PM org.openqa.selenium.chromium.ChromiumDriver lambda$new$3
WARNING: Unable to find version of CDP to use for . You may need to include a dependency on a specific version of the CDP using something similar to `org.seleniumhq.selenium:selenium-devtools-v86:4.8.3` where the version ("v86") matches the version of the chromium-based browser you're using and the version number of the artifact is the same as Selenium's.
]]></system-err>
  </testcase>
  <testcase name="verifyElementPageTest" classname="com.demoqa.testcases.ElementsPageTest" time="0.015">
    <system-out><![CDATA[After Naigating to:https://demoqa.com/
After Clicking on the element: [[ChromeDriver: chrome on MAC (61919e8137b73b2ed82e8f210987a3b4)] -> xpath: //div[@class='card-body'and contains(h5,'Elements')]]
]]></system-out>
    <system-err><![CDATA[Starting ChromeDriver 132.0.6834.110 (df453a35f099772fdb954e33551388add2ca3cde-refs/branch-heads/6834_101@{#3}) on port 2848
Only local connections are allowed.
Please see https://chromedriver.chromium.org/security-considerations for suggestions on keeping ChromeDriver safe.
ChromeDriver was started successfully on port 2848.
Jan 28, 2025 12:58:04 PM org.openqa.selenium.devtools.CdpVersionFinder findNearestMatch
WARNING: Unable to find CDP implementation matching 132
Jan 28, 2025 12:58:04 PM org.openqa.selenium.chromium.ChromiumDriver lambda$new$3
WARNING: Unable to find version of CDP to use for . You may need to include a dependency on a specific version of the CDP using something similar to `org.seleniumhq.selenium:selenium-devtools-v86:4.8.3` where the version ("v86") matches the version of the chromium-based browser you're using and the version number of the artifact is the same as Selenium's.
]]></system-err>
  </testcase>
  <testcase name="verifyHomePageTitleTest" classname="com.demoqa.testcases.HomePageTest" time="0.003">
    <system-out><![CDATA[After Naigating to:https://demoqa.com/
]]></system-out>
    <system-err><![CDATA[Starting ChromeDriver 132.0.6834.110 (df453a35f099772fdb954e33551388add2ca3cde-refs/branch-heads/6834_101@{#3}) on port 40861
Only local connections are allowed.
Please see https://chromedriver.chromium.org/security-considerations for suggestions on keeping ChromeDriver safe.
ChromeDriver was started successfully on port 40861.
Jan 28, 2025 12:58:24 PM org.openqa.selenium.devtools.CdpVersionFinder findNearestMatch
WARNING: Unable to find CDP implementation matching 132
Jan 28, 2025 12:58:24 PM org.openqa.selenium.chromium.ChromiumDriver lambda$new$3
WARNING: Unable to find version of CDP to use for . You may need to include a dependency on a specific version of the CDP using something similar to `org.seleniumhq.selenium:selenium-devtools-v86:4.8.3` where the version ("v86") matches the version of the chromium-based browser you're using and the version number of the artifact is the same as Selenium's.
]]></system-err>
  </testcase>
  <testcase name="verifyHomePageLogoTest" classname="com.demoqa.testcases.HomePageTest" time="0.018">
    <system-out><![CDATA[After Naigating to:https://demoqa.com/
]]></system-out>
    <system-err><![CDATA[Starting ChromeDriver 132.0.6834.110 (df453a35f099772fdb954e33551388add2ca3cde-refs/branch-heads/6834_101@{#3}) on port 18530
Only local connections are allowed.
Please see https://chromedriver.chromium.org/security-considerations for suggestions on keeping ChromeDriver safe.
ChromeDriver was started successfully on port 18530.
Jan 28, 2025 12:58:32 PM org.openqa.selenium.devtools.CdpVersionFinder findNearestMatch
WARNING: Unable to find CDP implementation matching 132
Jan 28, 2025 12:58:32 PM org.openqa.selenium.chromium.ChromiumDriver lambda$new$3
WARNING: Unable to find version of CDP to use for . You may need to include a dependency on a specific version of the CDP using something similar to `org.seleniumhq.selenium:selenium-devtools-v86:4.8.3` where the version ("v86") matches the version of the chromium-based browser you're using and the version number of the artifact is the same as Selenium's.
]]></system-err>
  </testcase>
  <testcase name="clickOnElementsTest" classname="com.demoqa.testcases.HomePageTest" time="0.074">
    <system-out><![CDATA[After Naigating to:https://demoqa.com/
After Clicking on the element: [[ChromeDriver: chrome on MAC (130aedb3593953fe5bfff919f5857475)] -> xpath: //div[@class='card-body'and contains(h5,'Elements')]]
]]></system-out>
    <system-err><![CDATA[Starting ChromeDriver 132.0.6834.110 (df453a35f099772fdb954e33551388add2ca3cde-refs/branch-heads/6834_101@{#3}) on port 6620
Only local connections are allowed.
Please see https://chromedriver.chromium.org/security-considerations for suggestions on keeping ChromeDriver safe.
ChromeDriver was started successfully on port 6620.
Jan 28, 2025 12:58:41 PM org.openqa.selenium.devtools.CdpVersionFinder findNearestMatch
WARNING: Unable to find CDP implementation matching 132
Jan 28, 2025 12:58:41 PM org.openqa.selenium.chromium.ChromiumDriver lambda$new$3
WARNING: Unable to find version of CDP to use for . You may need to include a dependency on a specific version of the CDP using something similar to `org.seleniumhq.selenium:selenium-devtools-v86:4.8.3` where the version ("v86") matches the version of the chromium-based browser you're using and the version number of the artifact is the same as Selenium's.
]]></system-err>
  </testcase>
  <testcase name="clickOnFormsTest" classname="com.demoqa.testcases.HomePageTest" time="0.082">
    <system-out><![CDATA[After Naigating to:https://demoqa.com/
After Clicking on the element: [[ChromeDriver: chrome on MAC (a76c1b6d3c86d1c44e6b5109240275fd)] -> xpath: //div[@class='card-body'and contains(h5,'Forms')]]
]]></system-out>
    <system-err><![CDATA[Starting ChromeDriver 132.0.6834.110 (df453a35f099772fdb954e33551388add2ca3cde-refs/branch-heads/6834_101@{#3}) on port 35664
Only local connections are allowed.
Please see https://chromedriver.chromium.org/security-considerations for suggestions on keeping ChromeDriver safe.
ChromeDriver was started successfully on port 35664.
Jan 28, 2025 12:58:51 PM org.openqa.selenium.devtools.CdpVersionFinder findNearestMatch
WARNING: Unable to find CDP implementation matching 132
Jan 28, 2025 12:58:51 PM org.openqa.selenium.chromium.ChromiumDriver lambda$new$3
WARNING: Unable to find version of CDP to use for . You may need to include a dependency on a specific version of the CDP using something similar to `org.seleniumhq.selenium:selenium-devtools-v86:4.8.3` where the version ("v86") matches the version of the chromium-based browser you're using and the version number of the artifact is the same as Selenium's.
]]></system-err>
  </testcase>
  <testcase name="clickOnAlertsFramesWindowTest" classname="com.demoqa.testcases.HomePageTest" time="0.076">
    <system-out><![CDATA[After Naigating to:https://demoqa.com/
After Clicking on the element: [[ChromeDriver: chrome on MAC (270ab793a658d183ab8b6d9b8575dcce)] -> xpath: //div[@class='card-body'and contains(h5,'Alerts, Frame & Windows')]]
]]></system-out>
    <system-err><![CDATA[Starting ChromeDriver 132.0.6834.110 (df453a35f099772fdb954e33551388add2ca3cde-refs/branch-heads/6834_101@{#3}) on port 31448
Only local connections are allowed.
Please see https://chromedriver.chromium.org/security-considerations for suggestions on keeping ChromeDriver safe.
ChromeDriver was started successfully on port 31448.
Jan 28, 2025 12:58:58 PM org.openqa.selenium.devtools.CdpVersionFinder findNearestMatch
WARNING: Unable to find CDP implementation matching 132
Jan 28, 2025 12:58:58 PM org.openqa.selenium.chromium.ChromiumDriver lambda$new$3
WARNING: Unable to find version of CDP to use for . You may need to include a dependency on a specific version of the CDP using something similar to `org.seleniumhq.selenium:selenium-devtools-v86:4.8.3` where the version ("v86") matches the version of the chromium-based browser you're using and the version number of the artifact is the same as Selenium's.
]]></system-err>
  </testcase>
  <testcase name="clickOnWidgetsTest" classname="com.demoqa.testcases.HomePageTest" time="0.074">
    <system-out><![CDATA[After Naigating to:https://demoqa.com/
After Clicking on the element: [[ChromeDriver: chrome on MAC (8156aeb4a57a64c3bef6fb44a021ee4a)] -> xpath: //div[@class='card-body'and contains(h5,'Widgets')]]
]]></system-out>
    <system-err><![CDATA[Starting ChromeDriver 132.0.6834.110 (df453a35f099772fdb954e33551388add2ca3cde-refs/branch-heads/6834_101@{#3}) on port 48163
Only local connections are allowed.
Please see https://chromedriver.chromium.org/security-considerations for suggestions on keeping ChromeDriver safe.
ChromeDriver was started successfully on port 48163.
Jan 28, 2025 12:59:09 PM org.openqa.selenium.devtools.CdpVersionFinder findNearestMatch
WARNING: Unable to find CDP implementation matching 132
Jan 28, 2025 12:59:09 PM org.openqa.selenium.chromium.ChromiumDriver lambda$new$3
WARNING: Unable to find version of CDP to use for . You may need to include a dependency on a specific version of the CDP using something similar to `org.seleniumhq.selenium:selenium-devtools-v86:4.8.3` where the version ("v86") matches the version of the chromium-based browser you're using and the version number of the artifact is the same as Selenium's.
]]></system-err>
  </testcase>
  <testcase name="clickOnInteractionsTest" classname="com.demoqa.testcases.HomePageTest" time="0.068">
    <system-out><![CDATA[After Naigating to:https://demoqa.com/
After Clicking on the element: [[ChromeDriver: chrome on MAC (570c75b84c56389f17f63cb96d3abdd1)] -> xpath: //div[@class='card-body'and contains(h5,'Interactions')]]
]]></system-out>
    <system-err><![CDATA[Starting ChromeDriver 132.0.6834.110 (df453a35f099772fdb954e33551388add2ca3cde-refs/branch-heads/6834_101@{#3}) on port 40294
Only local connections are allowed.
Please see https://chromedriver.chromium.org/security-considerations for suggestions on keeping ChromeDriver safe.
ChromeDriver was started successfully on port 40294.
Jan 28, 2025 12:59:17 PM org.openqa.selenium.devtools.CdpVersionFinder findNearestMatch
WARNING: Unable to find CDP implementation matching 132
Jan 28, 2025 12:59:17 PM org.openqa.selenium.chromium.ChromiumDriver lambda$new$3
WARNING: Unable to find version of CDP to use for . You may need to include a dependency on a specific version of the CDP using something similar to `org.seleniumhq.selenium:selenium-devtools-v86:4.8.3` where the version ("v86") matches the version of the chromium-based browser you're using and the version number of the artifact is the same as Selenium's.
]]></system-err>
  </testcase>
  <testcase name="clickOnBookStoreApplicationTest" classname="com.demoqa.testcases.HomePageTest" time="0.079">
    <system-out><![CDATA[After Naigating to:https://demoqa.com/
After Clicking on the element: [[ChromeDriver: chrome on MAC (bd0dbc3bbb57dbb9cbad062377e513ff)] -> xpath: //div[@class='card-body'and contains(h5,'Interactions')]]
]]></system-out>
    <system-err><![CDATA[Starting ChromeDriver 132.0.6834.110 (df453a35f099772fdb954e33551388add2ca3cde-refs/branch-heads/6834_101@{#3}) on port 26459
Only local connections are allowed.
Please see https://chromedriver.chromium.org/security-considerations for suggestions on keeping ChromeDriver safe.
ChromeDriver was started successfully on port 26459.
Jan 28, 2025 12:59:24 PM org.openqa.selenium.devtools.CdpVersionFinder findNearestMatch
WARNING: Unable to find CDP implementation matching 132
Jan 28, 2025 12:59:24 PM org.openqa.selenium.chromium.ChromiumDriver lambda$new$3
WARNING: Unable to find version of CDP to use for . You may need to include a dependency on a specific version of the CDP using something similar to `org.seleniumhq.selenium:selenium-devtools-v86:4.8.3` where the version ("v86") matches the version of the chromium-based browser you're using and the version number of the artifact is the same as Selenium's.
]]></system-err>
  </testcase>
</testsuite>