<?xml version="1.0" encoding="UTF-8"?>
<testng-results ignored="1" total="2" passed="1" failed="0" skipped="0">
  <reporter-output>
  </reporter-output>
  <suite started-at="2025-02-07T19:22:44 MST" name="Default suite" finished-at="2025-02-07T19:23:55 MST" duration-ms="70612">
    <groups>
    </groups>
    <test started-at="2025-02-07T19:22:44 MST" name="Default test" finished-at="2025-02-07T19:23:55 MST" duration-ms="70612">
      <class name="com.demoqa.testcases.CheckBoxTest">
        <test-method is-config="true" signature="listnerSetup()[pri:0, instance:com.demoqa.testcases.CheckBoxTest@73e9cf30]" started-at="2025-02-07T19:22:44 MST" name="listnerSetup" finished-at="2025-02-07T19:22:44 MST" duration-ms="338" status="PASS">
          <reporter-output>
          </reporter-output>
        </test-method> <!-- listnerSetup -->
        <test-method is-config="true" signature="setup()[pri:0, instance:com.demoqa.testcases.CheckBoxTest@73e9cf30]" started-at="2025-02-07T19:22:44 MST" name="setup" finished-at="2025-02-07T19:23:51 MST" duration-ms="67334" status="PASS">
          <reporter-output>
          </reporter-output>
        </test-method> <!-- setup -->
        <test-method signature="validateHomeCheckboxTest()[pri:0, instance:com.demoqa.testcases.CheckBoxTest@73e9cf30]" started-at="2025-02-07T19:23:51 MST" name="validateHomeCheckboxTest" finished-at="2025-02-07T19:23:54 MST" duration-ms="2911" status="PASS">
          <reporter-output>
          </reporter-output>
        </test-method> <!-- validateHomeCheckboxTest -->
        <test-method is-config="true" signature="cleanUp()[pri:0, instance:com.demoqa.testcases.CheckBoxTest@73e9cf30]" started-at="2025-02-07T19:23:54 MST" name="cleanUp" finished-at="2025-02-07T19:23:55 MST" duration-ms="325" status="PASS">
          <reporter-output>
          </reporter-output>
        </test-method> <!-- cleanUp -->
        <test-method is-config="true" signature="listenerShutDown()[pri:0, instance:com.demoqa.testcases.CheckBoxTest@73e9cf30]" started-at="2025-02-07T19:23:55 MST" name="listenerShutDown" finished-at="2025-02-07T19:23:55 MST" duration-ms="580" status="PASS">
          <reporter-output>
          </reporter-output>
        </test-method> <!-- listenerShutDown -->
      </class> <!-- com.demoqa.testcases.CheckBoxTest -->
    </test> <!-- Default test -->
  </suite> <!-- Default suite -->
</testng-results>
