<?xml version="1.0" encoding="UTF-8"?>
<!-- Generated by org.testng.reporters.JUnitXMLReporter -->
<testsuite ignored="4" hostname="Revathis-MacBook-Air.local" failures="1" tests="1" name="Regression Test Cases" time="90.165" errors="0" timestamp="2025-01-07T08:58:27 MST">
  <testcase classname="com.demoqa.testcases.TextBoxTest" name="validatingOutputTextField" time="2.734">
    <failure type="java.lang.AssertionError" message="Output Text feild is enabled before giving the input expected [true] but found [false]">
      <![CDATA[java.lang.AssertionError: Output Text feild is enabled before giving the input expected [true] but found [false]
at com.demoqa.testcases.TextBoxTest.validatingOutputTextField(TextBoxTest.java:76)
at java.base/java.util.ArrayList.forEach(ArrayList.java:1511)
... Removed 28 stack frames]]>
    </failure>
  </testcase> <!-- validatingOutputTextField -->
  <testcase classname="com.demoqa.testcases.TextBoxTest" name="validateTextBoxFeatureTest" time="0.0">
    <ignored/>
  </testcase> <!-- validateTextBoxFeatureTest -->
  <testcase classname="com.demoqa.testcases.TextBoxTest" name="validateTextBoxFieldsWithInvalidData" time="0.0">
    <ignored/>
  </testcase> <!-- validateTextBoxFieldsWithInvalidData -->
  <testcase classname="com.demoqa.testcases.TextBoxTest" name="validateTextBoxFieldsWithValidData" time="0.0">
    <ignored/>
  </testcase> <!-- validateTextBoxFieldsWithValidData -->
  <testcase classname="com.demoqa.testcases.TextBoxTest" name="validateTextBoxPageTest" time="0.0">
    <ignored/>
  </testcase> <!-- validateTextBoxPageTest -->
</testsuite> <!-- Regression Test Cases -->
